<?xml version="1.0" encoding="UTF-8"?>
<!-- Generated by org.testng.reporters.JUnitReportReporter -->
<testsuite hostname="DESKTOP-49C35S1" failures="0" tests="4" name="UdemyRahulShettyAcademy.tests.SubmitOrder" time="52.265" errors="0" timestamp="2025-03-11T08:06:12 PDT" skipped="0">
  <testcase classname="UdemyRahulShettyAcademy.tests.SubmitOrder" name="submitOrder" time="19.677"/>
  <testcase classname="UdemyRahulShettyAcademy.tests.SubmitOrder" name="oderHistoryTest" time="4.756"/>
  <testcase classname="UdemyRahulShettyAcademy.tests.SubmitOrder" name="submitOrder" time="23.243"/>
  <testcase classname="UdemyRahulShettyAcademy.tests.SubmitOrder" name="oderHistoryTest" time="4.589"/>
</testsuite> <!-- UdemyRahulShettyAcademy.tests.SubmitOrder -->
