<?xml version="1.0" encoding="UTF-8"?>
<!-- Generated by org.testng.reporters.JUnitReportReporter -->
<testsuite hostname="DESKTOP-49C35S1" failures="0" tests="1" name="UdemyRahulShettyAcademy.tests.StandAloneTest2" time="17.992" errors="0" timestamp="2025-03-07T23:15:31 PST" skipped="0">
  <testcase classname="UdemyRahulShettyAcademy.tests.StandAloneTest2" name="submitOrder" time="17.992"/>
</testsuite> <!-- UdemyRahulShettyAcademy.tests.StandAloneTest2 -->
