<?xml version="1.0" encoding="UTF-8"?>
<!-- Generated by org.testng.reporters.JUnitReportReporter -->
<testsuite hostname="DESKTOP-49C35S1" failures="0" tests="2" name="UdemyRahulShettyAcademy.tests.ErrorValidation" time="32.131" errors="0" timestamp="2025-03-13T06:00:06 PDT" skipped="0">
  <testcase classname="UdemyRahulShettyAcademy.tests.ErrorValidation" name="LoginErrorValidation" time="4.041"/>
  <testcase classname="UdemyRahulShettyAcademy.tests.ErrorValidation" name="productErrorValidation" time="28.090"/>
</testsuite> <!-- UdemyRahulShettyAcademy.tests.ErrorValidation -->
