<?xml version="1.0" encoding="UTF-8"?>
<!-- Generated by org.testng.reporters.JUnitReportReporter -->
<testsuite hostname="DESKTOP-49C35S1" failures="0" tests="4" name="UdemyRahulShettyAcademy.tests.SubmitOrder" time="32.743" errors="0" timestamp="2025-03-13T06:00:06 PDT" skipped="0">
  <testcase classname="UdemyRahulShettyAcademy.tests.SubmitOrder" name="oderHistoryTest" time="3.484"/>
  <testcase classname="UdemyRahulShettyAcademy.tests.SubmitOrder" name="oderHistoryTest" time="4.662"/>
  <testcase classname="UdemyRahulShettyAcademy.tests.SubmitOrder" name="submitOrder" time="6.423"/>
  <testcase classname="UdemyRahulShettyAcademy.tests.SubmitOrder" name="submitOrder" time="18.174"/>
</testsuite> <!-- UdemyRahulShettyAcademy.tests.SubmitOrder -->
